<?xml version="1.0" encoding="UTF-8"?>
<testsuite name="com.selenium.databasetesting.test.DatabaseTesting" tests="1" skipped="0" failures="0" errors="0" timestamp="2021-07-23T12:46:28" hostname="arjun-HP-Laptop-15-bs0xx" time="8.989">
  <properties/>
  <testcase name="insert_record_test" classname="com.selenium.databasetesting.test.DatabaseTesting" time="8.989"/>
  <system-out><![CDATA[Server is connected
Server is connected
************************ Table Data *******************
id     username                password       city   
---------------------------------------------------------
1  diliprathod32@gmail.com     Login@123     Nashik
---------------------------------------------------------
3  diliprathod@gmail.com     abc@123     Pune
---------------------------------------------------------
6  sandip@gmail.com     abc@123     Mumbai
---------------------------------------------------------
9  dilip@gmail.com     abc@123     Mumbai
---------------------------------------------------------
]]></system-out>
  <system-err><![CDATA[]]></system-err>
</testsuite>
